<?xml version="1.0" encoding="UTF-8"?>
<testng-results ignored="0" total="1" passed="1" failed="0" skipped="0">
  <reporter-output>
    <line>
      <![CDATA[Logged IN]]>
    </line>
    <line>
      <![CDATA[Logged out]]>
    </line>
  </reporter-output>
  <suite started-at="2021-09-09T13:30:47 IST" name="Suite" finished-at="2021-09-09T13:31:01 IST" duration-ms="14306">
    <groups>
    </groups>
    <test started-at="2021-09-09T13:30:47 IST" name="Test" finished-at="2021-09-09T13:31:01 IST" duration-ms="14306">
      <class name="frontendCreation.CreateFrontend">
        <test-method is-config="true" signature="openBrowser()[pri:0, instance:frontendCreation.CreateFrontend@2df9b86]" started-at="2021-09-09T13:30:47 IST" name="openBrowser" finished-at="2021-09-09T13:30:50 IST" duration-ms="2360" status="PASS">
          <reporter-output>
          </reporter-output>
        </test-method> <!-- openBrowser -->
        <test-method signature="test()[pri:0, instance:frontendCreation.CreateFrontend@2df9b86]" started-at="2021-09-09T13:30:50 IST" name="test" finished-at="2021-09-09T13:31:01 IST" duration-ms="11580" status="PASS">
          <reporter-output>
            <line>
              <![CDATA[Logged IN]]>
            </line>
            <line>
              <![CDATA[Logged out]]>
            </line>
          </reporter-output>
        </test-method> <!-- test -->
        <test-method is-config="true" signature="closeBrowser()[pri:0, instance:frontendCreation.CreateFrontend@2df9b86]" started-at="2021-09-09T13:31:01 IST" name="closeBrowser" finished-at="2021-09-09T13:31:01 IST" duration-ms="307" status="PASS">
          <reporter-output>
          </reporter-output>
        </test-method> <!-- closeBrowser -->
      </class> <!-- frontendCreation.CreateFrontend -->
    </test> <!-- Test -->
  </suite> <!-- Suite -->
</testng-results>
